Watching for file changes with StatReloader
[05/Nov/2024 13:38:52] "GET /location/ HTTP/1.1" 200 1307
Watching for file changes with StatReloader
Error: That port is already in use.
[05/Nov/2024 13:39:54] "GET /location/ HTTP/1.1" 200 1307
[05/Nov/2024 13:39:54] "GET /location/ HTTP/1.1" 200 1307
[05/Nov/2024 13:39:55] "GET /location/ HTTP/1.1" 200 1307
[05/Nov/2024 13:39:55] "GET /location/ HTTP/1.1" 200 1307
[05/Nov/2024 13:39:55] "GET /location/ HTTP/1.1" 200 1307
[05/Nov/2024 13:39:55] "GET /location/ HTTP/1.1" 200 1307
Unauthorized: /location/get-location/
[05/Nov/2024 13:39:59] "GET /location/get-location/?lat=35.146155453775&lng=129.0207232013067 HTTP/1.1" 401 48
Not Found: /emergencyroom
[05/Nov/2024 13:41:11] "GET /emergencyroom HTTP/1.1" 404 2230
[05/Nov/2024 13:42:26] "GET /location/ HTTP/1.1" 200 1307
[05/Nov/2024 13:45:30] "GET /location/ HTTP/1.1" 200 1307
Not Found: /emergency
[05/Nov/2024 13:45:43] "GET /emergency HTTP/1.1" 404 2218
[05/Nov/2024 13:47:31] "GET /location/ HTTP/1.1" 200 1307
[05/Nov/2024 13:47:32] "GET /location/ HTTP/1.1" 200 1307
[05/Nov/2024 13:47:33] "GET /location/ HTTP/1.1" 200 1307
[05/Nov/2024 13:47:33] "GET /location/ HTTP/1.1" 200 1307
[05/Nov/2024 13:47:48] "GET /location/ HTTP/1.1" 200 1307
[05/Nov/2024 13:47:48] "GET /location/ HTTP/1.1" 200 1307
[05/Nov/2024 13:47:49] "GET /location/ HTTP/1.1" 200 1307
[05/Nov/2024 13:48:08] "GET /location/ HTTP/1.1" 200 1307
[05/Nov/2024 13:48:08] "GET /location/ HTTP/1.1" 200 1307
[05/Nov/2024 13:48:09] "GET /location/ HTTP/1.1" 200 1307
[05/Nov/2024 13:48:09] "GET /location/ HTTP/1.1" 200 1307
[05/Nov/2024 13:48:09] "GET /location/ HTTP/1.1" 200 1307
[05/Nov/2024 13:48:10] "GET /location/ HTTP/1.1" 200 1307
Watching for file changes with StatReloader
Error: That port is already in use.
[05/Nov/2024 13:48:59] "GET /location/ HTTP/1.1" 200 1307
[05/Nov/2024 13:49:00] "GET /location/ HTTP/1.1" 200 1307
[05/Nov/2024 13:49:00] "GET /location/ HTTP/1.1" 200 1307
[05/Nov/2024 13:49:00] "GET /location/ HTTP/1.1" 200 1307
